\BOOKMARK [1][-]{section.0.1}{\376\377\000P\000r\000e\000f\000a\000c\000e}{}% 1
\BOOKMARK [-1][-]{part.1}{\376\377\000I\000\040\000L\000i\000n\000e\000a\000r\000\040\000A\000l\000g\000e\000b\000r\000a\000\040\000i\000s\000\040\000A\000\040\000R\000e\000a\000l\000l\000y\000\040\000N\000e\000a\000r\000\040\000A\000l\000g\000e\000b\000r\000u\000h}{}% 2
\BOOKMARK [0][-]{chapter.1}{\376\377\000T\000h\000e\000\040\000F\000u\000n\000d\000a\000m\000e\000n\000t\000a\000l\000s\000\040\000o\000f\000\040\000L\000i\000n\000e\000a\000r\000\040\000A\000l\000g\000e\000b\000r\000a}{part.1}% 3
\BOOKMARK [0][-]{chapter.2}{\376\377\000A\000r\000i\000t\000h\000m\000e\000t\000i\000c\000s\000\040\000o\000f\000\040\000V\000e\000c\000t\000o\000r\000s\000\040\000a\000n\000d\000\040\000M\000a\000t\000r\000i\000c\000e\000s}{part.1}% 4
\BOOKMARK [0][-]{chapter.3}{\376\377\000G\000a\000u\000s\000s\000i\000a\000n\000\040\000E\000l\000i\000m\000i\000n\000a\000t\000i\000o\000n}{part.1}% 5
\BOOKMARK [0][-]{chapter.4}{\376\377\000L\000i\000n\000e\000a\000r\000\040\000D\000e\000p\000e\000n\000d\000e\000n\000c\000e}{part.1}% 6
\BOOKMARK [0][-]{chapter.5}{\376\377\000V\000e\000c\000t\000o\000r\000\040\000S\000p\000a\000c\000e\000s}{part.1}% 7
\BOOKMARK [0][-]{chapter.6}{\376\377\000E\000i\000g\000e\000n\000\040\000S\000h\000o\000w\000\040\000Y\000o\000u\000\040\000T\000h\000e\000\040\000W\000o\000r\000l\000d\000:\000\040\000E\000i\000g\000e\000n\000v\000a\000l\000u\000e\000s\000,\000\040\000E\000i\000g\000e\000n\000v\000e\000c\000t\000o\000r\000s\000,\000\040\000a\000n\000d\000\040\000E\000i\000g\000e\000n\000p\000a\000i\000n}{part.1}% 8
\BOOKMARK [0][-]{chapter.7}{\376\377\000E\000i\000g\000e\000n\000s\000p\000a\000c\000e\000s\000\040\000a\000n\000d\000\040\000C\000h\000a\000n\000g\000e\000\040\000o\000f\000\040\000B\000a\000s\000i\000s}{part.1}% 9
\BOOKMARK [0][-]{chapter.8}{\376\377\000I\000n\000n\000e\000r\000\040\000P\000r\000o\000d\000u\000c\000t\000s\000\040\000a\000n\000d\000\040\000N\000o\000r\000m\000s\000,\000\040\000O\000r\000t\000h\000o\000g\000o\000n\000a\000l\000i\000t\000y}{part.1}% 10
\BOOKMARK [0][-]{chapter.9}{\376\377\000L\000e\000a\000s\000t\000\040\000S\000q\000u\000a\000r\000e\000s\000\040\000A\000l\000g\000o\000r\000i\000t\000h\000m\000:\000\040\000W\000h\000e\000r\000e\000\040\000M\000a\000c\000h\000i\000n\000e\000\040\000L\000e\000a\000r\000n\000i\000n\000g\000\040\000S\000t\000a\000r\000t\000s}{part.1}% 11
\BOOKMARK [-1][-]{part.2}{\376\377\000I\000I\000\040\000N\000e\000w\000\040\000M\000a\000t\000h\000e\000m\000a\000t\000i\000c\000a\000l\000\040\000P\000r\000e\000r\000e\000q\000u\000i\000s\000i\000t\000e\000s}{}% 12
\BOOKMARK [0][-]{chapter.10}{\376\377\000A\000n\000\040\000I\000n\000t\000e\000g\000r\000a\000l\000\040\000R\000e\000v\000i\000e\000w\000\040\000f\000o\000r\000\040\000I\000n\000t\000e\000g\000r\000a\000t\000i\000o\000n}{part.2}% 13
\BOOKMARK [1][-]{section.10.1}{\376\377\000A\000\040\000B\000r\000i\000e\000f\000\040\000R\000e\000v\000i\000e\000w\000\040\000o\000f\000\040\000A\000n\000\040\000I\000n\000t\000e\000g\000r\000a\000l}{chapter.10}% 14
\BOOKMARK [1][-]{section.10.2}{\376\377\000C\000o\000m\000p\000u\000t\000i\000n\000g\000\040\000A\000n\000\040\000I\000n\000t\000e\000g\000r\000a\000l}{chapter.10}% 15
\BOOKMARK [1][-]{section.10.3}{\376\377\000I\000n\000t\000e\000g\000r\000a\000l\000\040\000T\000r\000i\000c\000k\000s}{chapter.10}% 16
\BOOKMARK [0][-]{chapter.11}{\376\377\000S\000e\000t\000!}{part.2}% 17
\BOOKMARK [1][-]{section.11.1}{\376\377\000F\000u\000n\000d\000a\000m\000e\000n\000t\000a\000l\000\040\000P\000r\000o\000p\000e\000r\000t\000i\000e\000s\000\040\000o\000f\000\040\000S\000e\000t\000s}{chapter.11}% 18
\BOOKMARK [1][-]{section.11.2}{\376\377\000R\000e\000l\000a\000t\000i\000o\000n\000s\000h\000i\000p\000s\000\040\000b\000e\000t\000w\000e\000e\000n\000\040\000S\000e\000t\000s}{chapter.11}% 19
\BOOKMARK [0][-]{chapter.12}{\376\377\000P\000r\000o\000p\000o\000s\000i\000t\000i\000o\000n\000a\000l\000\040\000L\000o\000g\000i\000c}{part.2}% 20
\BOOKMARK [1][-]{section.12.1}{\376\377\000D\000e\000f\000i\000n\000i\000t\000i\000o\000n\000\040\000o\000f\000\040\000P\000r\000o\000p\000o\000s\000i\000t\000i\000o\000n}{chapter.12}% 21
\BOOKMARK [1][-]{section.12.2}{\376\377\000L\000o\000g\000i\000c\000a\000l\000\040\000O\000p\000e\000r\000a\000t\000i\000o\000n\000s\000\040\000o\000f\000\040\000P\000r\000o\000p\000o\000s\000i\000t\000i\000o\000n}{chapter.12}% 22
\BOOKMARK [1][-]{section.12.3}{\376\377\000I\000m\000p\000l\000i\000c\000a\000t\000i\000o\000n\000s\000\040\000f\000r\000o\000m\000\040\000I\000m\000p\000l\000i\000c\000a\000t\000i\000o\000n\000s}{chapter.12}% 23
\BOOKMARK [1][-]{section.12.4}{\376\377\000Q\000u\000a\000n\000t\000i\000f\000i\000e\000r\000s}{chapter.12}% 24
\BOOKMARK [1][-]{section.12.5}{\376\377\000R\000e\000a\000d\000i\000n\000g\000\040\000a\000n\000d\000\040\000N\000e\000g\000a\000t\000i\000o\000n}{chapter.12}% 25
\BOOKMARK [0][-]{chapter.13}{\376\377\000F\000u\000n\000c\000t\000i\000o\000n\000s}{part.2}% 26
\BOOKMARK [1][-]{section.13.1}{\376\377\000D\000e\000f\000i\000n\000i\000t\000i\000o\000n\000\040\000o\000f\000\040\000F\000u\000n\000c\000t\000i\000o\000n}{chapter.13}% 27
\BOOKMARK [1][-]{section.13.2}{\376\377\000T\000h\000e\000\040\000P\000r\000o\000p\000e\000r\000t\000i\000e\000s\000\040\000o\000f\000\040\000F\000u\000n\000c\000t\000i\000o\000n\000s}{chapter.13}% 28
\BOOKMARK [-1][-]{part.3}{\376\377\000I\000I\000I\000\040\000I\000n\000t\000r\000o\000d\000u\000c\000t\000i\000o\000n\000\040\000t\000o\000\040\000S\000i\000g\000n\000a\000l\000s\000\040\000a\000n\000d\000\040\000S\000y\000s\000t\000e\000m\000s}{}% 29
\BOOKMARK [0][-]{chapter.14}{\376\377\000I\000n\000t\000r\000o\000d\000u\000c\000t\000i\000o\000n\000\040\000t\000o\000\040\000S\000i\000g\000n\000a\000l\000s\000\040\000a\000n\000d\000\040\000S\000y\000s\000t\000e\000m\000s}{part.3}% 30
\BOOKMARK [1][-]{section.14.1}{\376\377\000W\000h\000a\000t\000\040\000i\000s\000\040\000A\000\040\000S\000i\000g\000n\000a\000l\000?}{chapter.14}% 31
\BOOKMARK [1][-]{section.14.2}{\376\377\000A\000\040\000S\000u\000r\000v\000e\000y\000\040\000o\000f\000\040\000S\000i\000g\000n\000a\000l\000s\000:\000\040\000A\000u\000d\000i\000t\000i\000o\000n\000,\000\040\000V\000i\000s\000i\000o\000n\000,\000\040\000a\000n\000d\000\040\000V\000e\000c\000t\000o\000r\000s}{chapter.14}% 32
\BOOKMARK [1][-]{section.14.3}{\376\377\000E\000v\000e\000n\000t\000\040\000S\000t\000r\000e\000a\000m\000\040\000a\000n\000d\000\040\000S\000a\000m\000p\000l\000i\000n\000g}{chapter.14}% 33
\BOOKMARK [1][-]{section.14.4}{\376\377\000I\000n\000t\000r\000o\000d\000u\000c\000t\000i\000o\000n\000\040\000t\000o\000\040\000S\000y\000s\000t\000e\000m\000s}{chapter.14}% 34
\BOOKMARK [0][-]{chapter.15}{\376\377\000M\000a\000t\000h\000e\000m\000a\000t\000i\000c\000a\000l\000\040\000D\000e\000f\000i\000n\000i\000t\000i\000o\000n\000s\000\040\000f\000o\000r\000\040\000F\000u\000n\000c\000t\000i\000o\000n\000s}{part.3}% 35
\BOOKMARK [1][-]{section.15.1}{\376\377\000A\000s\000s\000i\000g\000n\000m\000e\000n\000t\000\040\000a\000n\000d\000\040\000D\000e\000c\000l\000a\000r\000a\000t\000i\000o\000n\000\040\000o\000f\000\040\000F\000u\000n\000c\000t\000i\000o\000n}{chapter.15}% 36
\BOOKMARK [1][-]{section.15.2}{\376\377\000D\000i\000f\000f\000e\000r\000e\000n\000t\000\040\000E\000x\000p\000r\000e\000s\000s\000i\000o\000n\000s\000\040\000o\000f\000\040\000A\000\040\000F\000u\000n\000c\000t\000i\000o\000n\000:\000\040\000G\000r\000a\000p\000h\000,\000\040\000T\000a\000b\000l\000e\000,\000\040\000P\000r\000o\000c\000e\000d\000u\000r\000e}{chapter.15}% 37
\BOOKMARK [1][-]{section.15.3}{\376\377\000A\000\040\000R\000e\000v\000i\000e\000w\000\040\000o\000f\000\040\000C\000o\000m\000p\000o\000s\000i\000t\000i\000o\000n}{chapter.15}% 38
\BOOKMARK [0][-]{chapter.16}{\376\377\000M\000a\000t\000h\000e\000m\000a\000t\000i\000c\000a\000l\000\040\000D\000e\000f\000i\000n\000i\000t\000i\000o\000n\000s\000\040\000f\000o\000r\000\040\000S\000i\000g\000n\000a\000l\000s\000\040\000a\000n\000d\000\040\000S\000y\000s\000t\000e\000m\000s}{part.3}% 39
\BOOKMARK [1][-]{section.16.1}{\376\377\000D\000e\000f\000i\000n\000i\000n\000g\000\040\000S\000i\000g\000n\000a\000l\000s}{chapter.16}% 40
\BOOKMARK [1][-]{section.16.2}{\376\377\000D\000e\000f\000i\000n\000i\000n\000g\000\040\000S\000y\000s\000t\000e\000m\000s}{chapter.16}% 41
\BOOKMARK [0][-]{chapter.17}{\376\377\000S\000t\000a\000t\000e\000s}{part.3}% 42
\BOOKMARK [0][-]{chapter.18}{\376\377\000L\000i\000n\000e\000a\000r}{part.3}% 43
\BOOKMARK [0][-]{chapter.19}{\376\377\000L\000i\000n\000e\000a\000r\000\040\000S\000y\000s\000t\000e\000m\000s\000\040\000a\000n\000d\000\040\000I\000t\000s\000\040\000S\000t\000a\000t\000e\000s}{part.3}% 44
\BOOKMARK [-1][-]{part.4}{\376\377\000I\000V\000\040\000S\000i\000g\000n\000a\000l\000\040\000P\000r\000o\000c\000e\000s\000s\000i\000n\000g}{}% 45
\BOOKMARK [0][-]{chapter.20}{\376\377\000L\000i\000n\000e\000a\000r\000\040\000S\000y\000s\000t\000e\000m\000s\000\040\000a\000n\000d\000\040\000I\000t\000s\000\040\000S\000t\000a\000t\000e\000s}{part.4}% 46
\BOOKMARK [0][-]{chapter.21}{\376\377\000I\000t\000'\000s\000\040\000T\000i\000m\000e\000\040\000t\000o\000\040\000G\000e\000t\000\040\000a\000\040\000L\000i\000t\000t\000l\000e\000\040\000C\000o\000m\000p\000l\000e\000x}{part.4}% 47
\BOOKMARK [0][-]{chapter.22}{\376\377\000F\000r\000e\000q\000u\000e\000n\000c\000y\000,\000\040\000P\000h\000a\000s\000e\000,\000\040\000D\000o\000m\000a\000i\000n}{part.4}% 48
\BOOKMARK [0][-]{chapter.23}{\376\377\000F\000o\000u\000r\000i\000e\000r\000\040\000E\000x\000p\000a\000n\000s\000i\000o\000n\000:\000\040\000I\000n\000f\000i\000n\000i\000t\000e\000\040\000T\000e\000r\000m\000s}{part.4}% 49
\BOOKMARK [0][-]{chapter.24}{\376\377\000L\000i\000n\000e\000a\000r\000\040\000T\000i\000m\000e\000-\000I\000n\000v\000a\000r\000i\000a\000n\000t\000\040\000S\000y\000s\000t\000e\000m\000s}{part.4}% 50
\BOOKMARK [0][-]{chapter.25}{\376\377\000F\000r\000e\000q\000u\000e\000n\000c\000y\000\040\000R\000e\000s\000p\000o\000n\000s\000e\000\040\000a\000n\000d\000\040\000F\000o\000u\000r\000i\000e\000r\000\040\000S\000e\000r\000i\000e\000s}{part.4}% 51
\BOOKMARK [0][-]{chapter.26}{\376\377\000I\000n\000t\000r\000o\000d\000u\000c\000t\000i\000o\000n\000\040\000t\000o\000\040\000F\000i\000l\000t\000e\000r\000i\000n\000g}{part.4}% 52
\BOOKMARK [0][-]{chapter.27}{\376\377\000I\000m\000p\000u\000l\000s\000e\000\040\000R\000e\000s\000o\000p\000n\000s\000e\000\040\000F\000i\000l\000t\000e\000r\000s}{part.4}% 53
\BOOKMARK [-1][-]{part.5}{\376\377\000V\000\040\000S\000a\000m\000p\000l\000i\000n\000g\000\040\000a\000n\000d\000\040\000F\000o\000u\000r\000i\000e\000r\000\040\000T\000r\000a\000n\000s\000f\000o\000r\000m}{}% 54
\BOOKMARK [0][-]{chapter.28}{\376\377\000T\000h\000e\000\040\000F\000o\000u\000r\000\040\000F\000o\000u\000r\000i\000e\000r\000\040\000T\000r\000a\000n\000s\000f\000o\000r\000m\000s\000,\000\040\000P\000a\000r\000t\000\040\000I}{part.5}% 55
\BOOKMARK [0][-]{chapter.29}{\376\377\000T\000h\000e\000\040\000F\000o\000u\000r\000\040\000F\000o\000u\000r\000i\000e\000r\000\040\000T\000r\000a\000n\000s\000f\000o\000r\000m\000s\000,\000\040\000P\000a\000r\000t\000\040\000I\000I}{part.5}% 56
\BOOKMARK [0][-]{chapter.30}{\376\377\000F\000o\000u\000r\000i\000e\000r\000\040\000T\000r\000a\000n\000s\000f\000o\000r\000m\000\040\000v\000s\000.\000\040\000F\000o\000u\000r\000i\000e\000r\000\040\000S\000e\000r\000i\000e\000s}{part.5}% 57
\BOOKMARK [0][-]{chapter.31}{\376\377\000S\000a\000m\000p\000l\000i\000n\000g\000\040\000a\000n\000d\000\040\000R\000e\000c\000o\000n\000s\000t\000r\000u\000c\000t\000i\000o\000n}{part.5}% 58
\BOOKMARK [0][-]{chapter.32}{\376\377\000T\000h\000e\000\040\000N\000y\000q\000u\000i\000s\000t\000-\000S\000h\000a\000n\000n\000o\000n\000\040\000S\000a\000m\000p\000l\000i\000n\000g\000\040\000T\000h\000e\000o\000r\000e\000m}{part.5}% 59
